[2024-12-06T14:50:11.060] [INFO] start - ========= io.Manager 1.7.3 (example) =========
[2024-12-06T14:50:11.061] [INFO] config-reader - Custom config provided.
[2024-12-06T14:50:11.647] [INFO] RestServer - Will use base "/api"
[2024-12-06T14:50:11.649] [INFO] MainModule.registerMonitoring - using none monitoring
[2024-12-06T14:50:11.651] [INFO] NestJS - NestFactory Starting Nest application...
[2024-12-06T14:50:11.652] [INFO] MainModule.registerGroups - will use database groups service
[2024-12-06T14:50:11.653] [INFO] MainModule.registerAudit - audit - config is {"enabled":true,"types":{"session":false,"user":false}}
[2024-12-06T14:50:11.653] [INFO] MainModule.registerAudit - audit - no custom implementation provided
[2024-12-06T14:50:11.654] [INFO] StoreModule - starting with mongo store...
[2024-12-06T14:50:11.655] [INFO] AuthModule - auth method is none
[2024-12-06T14:50:11.771] [INFO] NestJS - InstanceLoader ConfigModule dependencies initialized
[2024-12-06T14:50:11.771] [INFO] MongoStore - creating mongo store...
[2024-12-06T14:50:11.772] [INFO] NestJS - InstanceLoader AuthModule dependencies initialized
[2024-12-06T14:50:11.772] [INFO] NestJS - InstanceLoader StoreModule dependencies initialized
[2024-12-06T14:50:11.773] [INFO] NestJS - InstanceLoader AppModule dependencies initialized
[2024-12-06T14:50:11.776] [INFO] RestServer - Registering authenticator....
[2024-12-06T14:50:11.776] [INFO] IOManagerAuthenticator - starting with exclusive users admin
[2024-12-06T14:50:11.776] [INFO] RestServer - Authenticator registered
[2024-12-06T14:50:11.783] [INFO] NestJS - NestApplication Nest application successfully started
[2024-12-06T14:50:11.783] [INFO] RestServer - starting http server on port 4356...
[2024-12-06T14:50:11.784] [INFO] RestServer - server started on port 4356
[2024-12-06T14:50:11.785] [INFO] MongoStore - connecting to mongodb://*****@localhost:27017/io_manager?authSource=admin...
[2024-12-06T14:50:11.814] [INFO] MongoStore - connected
[2024-12-06T14:50:11.814] [INFO] MongoStore - initializing collections
[2024-12-06T14:50:11.818] [INFO] MongoStore - init done
[2024-12-06T14:50:11.819] [INFO] purgeScheduler - Starting scheduled purging task...
[2024-12-06T14:50:11.819] [INFO] PurgeService - Purging inactive sessions older than 2024-09-01T11:50:11.819Z
[2024-12-06T14:50:11.821] [INFO] PurgeService - Purged 0 inactive sessions older than - 2024-09-01T11:50:11.819Z
[2024-12-06T14:50:11.821] [INFO] PurgeService - Purging feedback reports older than 2024-09-01T11:50:11.819Z
[2024-12-06T14:50:11.825] [INFO] PurgeService - Purged 0 feedback reports older than - 2024-09-01T11:50:11.819Z
[2024-12-06T14:50:11.825] [INFO] PurgeService - Purging crash reports older than 2024-09-01T11:50:11.819Z
[2024-12-06T14:50:11.827] [INFO] PurgeService - Purged 0 crash reports older than - 2024-09-01T11:50:11.819Z
[2024-12-06T14:50:11.827] [INFO] PurgeService - Purging audit logs older than 2024-09-01T11:50:11.819Z
[2024-12-06T14:50:11.828] [INFO] PurgeService - Purged 0 audit logs older than - 2024-09-01T11:50:11.819Z
[2024-12-06T14:50:11.829] [INFO] purgeScheduler - Scheduled purge task completed.
[2024-12-06T14:50:11.829] [INFO] start - Server started.
